1	<Elizabeth_II>	<isLeaderOf>	<Royal_Numismatic_Society>	1725478305883
2	<William_H._Seward_Jr.>	<isLeaderOf>	<9th_New_York_Heavy_Artillery_Regiment>	1725478308072
3	<Matt_Bevin>	<isLeaderOf>	<Kentucky_Air_National_Guard>	1725478308140
4	<Amjad_Bashir>	<isLeaderOf>	<Khushab_District>	1725478308151
5	<Margaret_Chew_Barringer>	<isLeaderOf>	<American_INSIGHT>	1725478308161
6	<Fernando_Álvarez_de_Toledo,_3rd_Duke_of_Alba>	<isLeaderOf>	<Army_of_Flanders>	1725478308170
7	<Perry_Trimper>	<isLeaderOf>	<North_West_River>	1725478308180
8	<Jean_Cloutier>	<isLeaderOf>	<Alta_Vista,_Ottawa>	1725478308189
9	<Spencer_Chandra_Herbert>	<isLeaderOf>	<Vancouver>	1725478308199
10	<Michel_Noël>	<isLeaderOf>	<Durham-Sud>	1725478308210
11	<Alexander_Papagos>	<isLeaderOf>	<Greek_Rally>	1725478308220
12	<Ed_Levine>	<isLeaderOf>	<International_Boxing_Organization>	1725478308241
13	<Ben_Lear>	<isLeaderOf>	<Central_Defense_Command>	1725478308251
14	<Pratyusha_Rajeshwari_Singh>	<isLeaderOf>	<Kandhamal_district>	1725478308294
15	<Dileep_K_Nair>	<isLeaderOf>	<The_Automobile_Society_India>	1725478308305
16	<José_Manuel_de_la_Sota>	<isLeaderOf>	<United_for_a_New_Alternative>	1725478308316
17	<Stephen_Hillier>	<isLeaderOf>	<Royal_Air_Force_Football_Association>	1725478308380
18	<Kenneth_E._Tovo>	<isLeaderOf>	<United_States_Army_Special_Operations_Command>	1725478308391
19	<Michel_Temer>	<isLeaderOf>	<Brazilian_Army>	1725478308400
20	<Whitney_Rawlings>	<isLeaderOf>	<McComb,_Mississippi>	1725478308410
21	<Thakur_Mool_Chand_Chauhan>	<isLeaderOf>	<Uttar_Pradesh_Tourism>	1725478308420
22	<Wali-ur-Rehman>	<isLeaderOf>	<Eidak>	1725478308431
23	<Mufutau_Adesanya_Kasali>	<isLeaderOf>	<Itele>	1725478308440
24	<George_Darouze>	<isLeaderOf>	<Osgoode_Ward>	1725478308449
25	<Mohamoud_Ali_Shire>	<isLeaderOf>	<Durduri_District>	1725478308460
26	<Emomali_Rahmon>	<isLeaderOf>	<Military_of_Tajikistan>	1725478308469
27	<Andrés_Bonifacio>	<isLeaderOf>	<Tracey_Emin>	1725478308479
28	<Heber_Jentzsch>	<isLeaderOf>	<Church_of_Scientology_International>	1725478308489
29	<Lorenzo_Berardinetti>	<isLeaderOf>	<Birch_Cliff>	1725478308499
30	<Yves_Krattinger>	<isLeaderOf>	<Haute-Saône>	1725478308509
31	<Denis_Verdini>	<isLeaderOf>	<The_People_of_Freedom>	1725478308520
32	<Qasem_Soleimani>	<isLeaderOf>	<Quds_Force>	1725478308531
33	<Alfredo_Rocco>	<isLeaderOf>	<Italian_Nationalist_Association>	1725478308540
34	<Richard_Lee_(Canadian_politician)>	<isLeaderOf>	<Greater_Vancouver>	1725478308552
35	<Mohammad_bin_Salman_Al_Saud>	<isLeaderOf>	<Royal_Saudi_Strategic_Missile_Force>	1725478308562
36	<Willem-Alexander_of_the_Netherlands>	<isLeaderOf>	<Aruba>	1725478308572
37	<Michel_Duval>	<isLeaderOf>	<Latulipe-et-Gaboury,_Quebec>	1725478308582
38	<Don_Iveson>	<isLeaderOf>	<Kaskitayo,_Edmonton>	1725478308592
39	<Vladimir_Margaryan>	<isLeaderOf>	<Sevkar>	1725478308601
40	<Nik_Powell>	<isLeaderOf>	<European_Film_Academy>	1725478308611
41	<Muhammad_Baqir_al-Sadr>	<isLeaderOf>	<Islamic_Dawa_Party>	1725478308621
42	<Dejan_Kovačević>	<isLeaderOf>	<Gornji_Milanovac>	1725478308632
43	<Muhammad_Iqbal>	<isLeaderOf>	<All-India_Muslim_League>	1725478308642
44	<David_Anderson_(British_politician)>	<isLeaderOf>	<Metropolitan_Borough_of_Gateshead>	1725478308652
45	<Achille_Lauro>	<isLeaderOf>	<People-s_Monarchist_Party_(Italy)>	1725478308661
46	<Kelly_Block>	<isLeaderOf>	<Outlook,_Saskatchewan>	1725478308669
47	<Anne,_Princess_Royal>	<isLeaderOf>	<Royal_Scottish_Geographical_Society>	1725478308679
48	<Sergey_Shoygu>	<isLeaderOf>	<Unity_(Russian_political_party)>	1725478308688
49	<Oluwarotimi_Odunayo_Akeredolu>	<isLeaderOf>	<Ondo_State>	1725478308697
50	<Andrzej_Duda>	<isLeaderOf>	<Poland>	1725478308706
51	<Stanislav_Ivanov_(footballer,_born_1980)>	<isLeaderOf>	<Dalgodeltsi>	1725478308716
52	<Mitch_McConnell>	<isLeaderOf>	<Republican_Party_(United_States)>	1725478308725
53	<Dorothy_Stoneman>	<isLeaderOf>	<YouthBuild>	1725478308735
54	<Gadde_Ramamohan>	<isLeaderOf>	<Vijayawada>	1725478308745
55	<Riaz_Ahmed_Gohar_Shahi>	<isLeaderOf>	<Messiah_Foundation_International>	1725478308754
56	<John_Campbell_(Ontario_politician)>	<isLeaderOf>	<Kingsview_Village>	1725478308764
57	<Tom_Nevakshonoff>	<isLeaderOf>	<Lundar,_Manitoba>	1725478308773
58	<Ri_Myong-su>	<isLeaderOf>	<Korean_People-s_Army_Ground_Force>	1725478308782
59	<Zainal_Sapari>	<isLeaderOf>	<Pasir_Ris>	1725478308791
60	<Fernando_Martín_García>	<isLeaderOf>	<Puerto_Rican_Independence_Party>	1725478308801
61	<Denzil_Minnan-Wong>	<isLeaderOf>	<North_York>	1725478308810
62	<Metin_Lütfi_Baydar>	<isLeaderOf>	<NATO_Parliamentary_Assembly>	1725478308818
63	<Laura_Albanese>	<isLeaderOf>	<Lambton,_Toronto>	1725478308827
64	<Marc_Serré>	<isLeaderOf>	<Timiskaming_District>	1725478308837
65	<Željko_Turk>	<isLeaderOf>	<Zaprešić>	1725478308846
66	<Jay_Aspin>	<isLeaderOf>	<Temagami>	1725478308854
67	<Mhd_Amin_Nordin_Abdul_Aziz>	<isLeaderOf>	<Kuala_Lumpur>	1725478308863
68	<Alexander_Brash>	<isLeaderOf>	<Connecticut_Audubon_Society>	1725478308873
69	<Mauricio_Vila_Dosal>	<isLeaderOf>	<Mérida,_Yucatán>	1725478308883
70	<Herbert_Scott>	<isLeaderOf>	<Athens,_Ontario>	1725478308892
71	<Víctor_García_Garzena>	<isLeaderOf>	<National_Party_(Chile,_1966)>	1725478308901
72	<Judy_Turner>	<isLeaderOf>	<Whakatane>	1725478308912
73	<Michael_Langone>	<isLeaderOf>	<International_Cultic_Studies_Association>	1725478308921
74	<Bryan_Thao_Worra>	<isLeaderOf>	<Science_Fiction_Poetry_Association>	1725478308929
75	<Click_Bishop>	<isLeaderOf>	<Central,_Alaska>	1725478308938
76	<Rick_Nicholls>	<isLeaderOf>	<Leamington,_Ontario>	1725478308947
77	<Tyler_Allen>	<isLeaderOf>	<8664>	1725478308956
78	<Riccardo_Schicchi>	<isLeaderOf>	<South_Eastern_Railway_(Russia)>	1725478308965
79	<H._M._M._Harees>	<isLeaderOf>	<Ampara_District>	1725478308974
80	<John_Converse_Starkweather>	<isLeaderOf>	<1st_Wisconsin_Volunteer_Infantry_Regiment_(3_Months)>	1725478308984
81	<Tengku_Adnan>	<isLeaderOf>	<Federal_Territories_(Malaysia)>	1725478308993
82	<Greg_Clark_(Canadian_politician)>	<isLeaderOf>	<Calgary>	1725478309002
83	<Rajendra_Devlekar>	<isLeaderOf>	<Kalyan>	1725478309012
84	<Teo_Ser_Luck>	<isLeaderOf>	<Sengkang>	1725478309022
85	<Arthur_Leonard>	<isLeaderOf>	<Chincoteague,_Virginia>	1725478309031
86	<Ellen_G._White>	<isLeaderOf>	<Ossipee,_New_Hampshire>	1725478309040
87	<Larry_Maguire>	<isLeaderOf>	<Woodnorth,_Manitoba>	1725478309049
88	<Han_Polman>	<isLeaderOf>	<Zeeland>	1725478309059
89	<Cindy_Forster>	<isLeaderOf>	<St._Catharines>	1725478309069
90	<Bob_Bailey_(politician)>	<isLeaderOf>	<Sarnia>	1725478309079
91	<Don_Iveson>	<isLeaderOf>	<Skyrattler,_Edmonton>	1725478309090
92	<Piotr_Kuczera>	<isLeaderOf>	<Rybnik>	1725478309100
93	<Binna_Choi>	<isLeaderOf>	<Casco_(Utrecht)>	1725478309110
94	<Mohammed_Khaled_Al-Khadher>	<isLeaderOf>	<Chief_of_the_General_Staff_(Kuwait)>	1725478309120
95	<Harpal_Brar>	<isLeaderOf>	<Communist_Party_of_Great_Britain_(Marxist–Leninist)>	1725478309130
96	<Charles_Merritt>	<isLeaderOf>	<The_Saskatchewan_Border_Regiment>	1725478309139
97	<Prince_Philip,_Duke_of_Edinburgh>	<isLeaderOf>	<Army_Cadet_Force>	1725478309170
98	<Alan_Duncan>	<isLeaderOf>	<British_Overseas_Territories>	1725478309181
99	<Hani_Al-Mulki>	<isLeaderOf>	<Aqaba>	1725478309190
100	<David_Guttenberg>	<isLeaderOf>	<Goldstream,_Alaska>	1725478309199
