1	<Richard_Stallman>	<isLeaderOf>	<Free_Software_Foundation>	1725478305886
2	<Andranik>	<isLeaderOf>	<Armenian_fedayi>	1725478308075
3	<Leonard_Leo>	<isLeaderOf>	<Federalist_Society>	1725478308143
4	<Tushar_Amarsinh_Chaudhary>	<isLeaderOf>	<Mota,_Gujarat>	1725478308154
5	<Oscar_Braynon>	<isLeaderOf>	<Allapattah>	1725478308164
6	<Om_Birla>	<isLeaderOf>	<Kota,_Rajasthan>	1725478308173
7	<Keiji_Kokuta>	<isLeaderOf>	<Japanese_Communist_Party>	1725478308183
8	<Oriol_Junqueras>	<isLeaderOf>	<Sant_Vicenç_dels_Horts>	1725478308192
9	<Leander_Starr_Jameson>	<isLeaderOf>	<Unionist_Party_(South_Africa)>	1725478308202
10	<Christian_Homburg>	<isLeaderOf>	<Institute_for_Market-oriented_Management>	1725478308213
11	<Mohand_Laenser>	<isLeaderOf>	<Popular_Movement_(Morocco)>	1725478308223
12	<Juha_Sipilä>	<isLeaderOf>	<Centre_Party_(Finland)>	1725478308244
13	<Frank_Dermody>	<isLeaderOf>	<Pennsylvania_Democratic_Party>	1725478308254
14	<Paul_Wynnyk>	<isLeaderOf>	<Canadian_Army>	1725478308297
15	<Miguel_Cabrera>	<isLeaderOf>	<Carey,_Ohio>	1725478308308
16	<Margrethe_II_of_Denmark>	<isLeaderOf>	<Denmark>	1725478308320
17	<David_Kaiser>	<isLeaderOf>	<Romulus,_New_York>	1725478308383
18	<Ana_Álvarez>	<isLeaderOf>	<Oakland_Park,_Florida>	1725478308393
19	<Alfredo_Covelli>	<isLeaderOf>	<Italian_Democratic_Party_of_Monarchist_Unity>	1725478308403
20	<Catherine_Fife>	<isLeaderOf>	<Waterloo,_Ontario>	1725478308413
21	<Dave_Cull>	<isLeaderOf>	<Dunedin>	1725478308423
22	<Steven_W._Mosher>	<isLeaderOf>	<Population_Research_Institute>	1725478308433
23	<Viktor_Fainberg>	<isLeaderOf>	<Campaign_Against_Psychiatric_Abuse>	1725478308442
24	<Das_Williams>	<isLeaderOf>	<Meiners_Oaks,_California>	1725478308452
25	<Norayr_Sargsyan>	<isLeaderOf>	<Yeghvard>	1725478308462
26	<Francisco_Becerra_Posada>	<isLeaderOf>	<Pan_American_Health_Organization>	1725478308472
27	<Constantin_Argetoianu>	<isLeaderOf>	<National_Renaissance_Front>	1725478308483
28	<Brian_Lamb>	<isLeaderOf>	<C-SPAN>	1725478308492
29	<Pete_Buttigieg>	<isLeaderOf>	<South_Bend,_Indiana>	1725478308502
30	<Randy_Winkler>	<isLeaderOf>	<Rifle,_Colorado>	1725478308513
31	<Matthias_Corvinus>	<isLeaderOf>	<Black_Army_of_Hungary>	1725478308524
32	<Don_Rusnak>	<isLeaderOf>	<Thunder_Bay_District>	1725478308534
33	<August_Willich>	<isLeaderOf>	<32nd_Indiana_Infantry_Regiment>	1725478308544
34	<Carl_Gustaf_Armfeldt>	<isLeaderOf>	<Military_of_the_Swedish_Empire>	1725478308554
35	<Jim_Desmond>	<isLeaderOf>	<San_Marcos,_California>	1725478308564
36	<Mike_O-Brien_(Canadian_politician)>	<isLeaderOf>	<Fredericton>	1725478308575
37	<Ang_Wei_Neng>	<isLeaderOf>	<Jurong_East>	1725478308584
38	<Richard_H._Anderson>	<isLeaderOf>	<Third_Corps,_Army_of_Northern_Virginia>	1725478308594
39	<Reggie_Fullwood>	<isLeaderOf>	<Southbank_(Jacksonville)>	1725478308604
40	<Stephanie_Schriock>	<isLeaderOf>	<EMILY-s_List>	1725478308614
41	<Chris_Evans_(British_politician)>	<isLeaderOf>	<Caerphilly_County_Borough>	1725478308625
42	<Les_Gara>	<isLeaderOf>	<Anchorage,_Alaska>	1725478308636
43	<Alexander_E._Steen>	<isLeaderOf>	<10th_Missouri_Infantry_Regiment_(Confederate)>	1725478308644
44	<Yakubu_Dogara>	<isLeaderOf>	<Nigeria>	1725478308654
45	<Larry_Maguire>	<isLeaderOf>	<Bradwardine,_Manitoba>	1725478308663
46	<James_Ajonga_Mawut>	<isLeaderOf>	<Sudan_People-s_Liberation_Army>	1725478308672
47	<Trond_Helleland>	<isLeaderOf>	<Conservative_Party_(Norway)>	1725478308680
48	<Michael_McLeod_(politician)>	<isLeaderOf>	<Tuktoyaktuk>	1725478308690
49	<Candice_Bergen_(politician)>	<isLeaderOf>	<Rosebank,_Manitoba>	1725478308699
50	<Ernest_Jackson>	<isLeaderOf>	<Crockett,_Texas>	1725478308708
51	<Raphaël_Bouton>	<isLeaderOf>	<Section_des_sourds_et_malentendants_socialistes>	1725478308718
52	<Miyeegombyn_Enkhbold>	<isLeaderOf>	<Mongolian_People-s_Party>	1725478308727
53	<Ángel_María_Villar>	<isLeaderOf>	<FIFA>	1725478308737
54	<Nitin_Gadkari>	<isLeaderOf>	<Nagpur>	1725478308747
55	<Member_of_the_Legislative_Assembly>	<isLeaderOf>	<Green_Party_in_Northern_Ireland>	1725478308756
56	<Maria_Eagle>	<isLeaderOf>	<Metropolitan_Borough_of_Knowsley>	1725478308766
57	<Jim_Messina_(political_staffer)>	<isLeaderOf>	<Just_a_Yes>	1725478308775
58	<Mariarosaria_Rossi>	<isLeaderOf>	<Forza_Italia_(2013)>	1725478308784
59	<Philip_Levine_(politician)>	<isLeaderOf>	<Miami_Beach,_Florida>	1725478308794
60	<Jorge_Serrano_Elías>	<isLeaderOf>	<Revolutionary_Party_(Guatemala)>	1725478308803
61	<Paul_Evan_Peters>	<isLeaderOf>	<Open_Access_Scholarly_Publishers_Association>	1725478308812
62	<Rabsaris>	<isLeaderOf>	<Sennacherib>	1725478308821
63	<Edward_Stevens_(general)>	<isLeaderOf>	<Culpeper_Minutemen>	1725478308830
64	<Katie_Hobbs>	<isLeaderOf>	<Arizona_Democratic_Party>	1725478308839
65	<Frano_Getaldić-Gundulić>	<isLeaderOf>	<Autonomist_Party>	1725478308848
66	<Bob_Hancock>	<isLeaderOf>	<Kennett,_Missouri>	1725478308857
67	<Julia_Munro>	<isLeaderOf>	<Bradford_West_Gwillimbury>	1725478308866
68	<Trần_Đại_Quang>	<isLeaderOf>	<Vietnam_Coast_Guard>	1725478308877
69	<Édouard_Herriot>	<isLeaderOf>	<Cartel_des_Gauches>	1725478308885
70	<Ted_Gaines>	<isLeaderOf>	<Rocklin,_California>	1725478308894
71	<Charles_Sumner>	<isLeaderOf>	<Radical_Republican>	1725478308903
72	<U_Razak>	<isLeaderOf>	<Burma_Muslim_Congress>	1725478308914
73	<Sivanesathurai_Chandrakanthan>	<isLeaderOf>	<Batticaloa_District>	1725478308923
74	<Queen_Elizabeth_The_Queen_Mother>	<isLeaderOf>	<Queen-s_Own_Hussars>	1725478308931
75	<Henry_Ramos_Allup>	<isLeaderOf>	<Democratic_Action_(Venezuela)>	1725478308941
76	<Gordon_Holmes_Alexander_MacMillan>	<isLeaderOf>	<Palestine_Command>	1725478308949
77	<Anthony_Eden>	<isLeaderOf>	<No._500_Squadron_RAF>	1725478308959
78	<Nitish_Kumar>	<isLeaderOf>	<Derhgaon>	1725478308968
79	<Jim_Gray_(American_politician)>	<isLeaderOf>	<Lexington,_Kentucky>	1725478308977
80	<Dean_Westlake>	<isLeaderOf>	<Kiwalik,_Alaska>	1725478308987
81	<Oleg_Betin>	<isLeaderOf>	<Tambov_Oblast>	1725478308996
82	<Léon_Blum>	<isLeaderOf>	<French_Section_of_the_Workers-_International>	1725478309005
83	<Doug_Armstrong>	<isLeaderOf>	<Whitewood,_Saskatchewan>	1725478309015
84	<Vitali_Klitschko>	<isLeaderOf>	<Kiev_City_State_Administration>	1725478309024
85	<Sugianto_Sabran>	<isLeaderOf>	<Central_Kalimantan>	1725478309033
86	<Violeta_Ivanov>	<isLeaderOf>	<Party_of_Communists_of_the_Republic_of_Moldova>	1725478309042
87	<Brad_Moore>	<isLeaderOf>	<Benton,_Arkansas>	1725478309052
88	<Paul_Daley>	<isLeaderOf>	<Fultonville,_New_York>	1725478309062
89	<Jón_Bjarnason>	<isLeaderOf>	<Heimssýn>	1725478309072
90	<Mark_Lowcock>	<isLeaderOf>	<United_Nations_Office_for_the_Coordination_of_Humanitarian_Affairs>	1725478309081
91	<William_Gabula>	<isLeaderOf>	<Busoga>	1725478309093
92	<Bryce_Edgmon>	<isLeaderOf>	<South_Naknek,_Alaska>	1725478309102
93	<Hrant_Markarian>	<isLeaderOf>	<Armenian_Revolutionary_Federation>	1725478309113
94	<Ben_Oquist>	<isLeaderOf>	<The_Australia_Institute>	1725478309123
95	<Maurice_Saatchi,_Baron_Saatchi>	<isLeaderOf>	<Centre_for_Policy_Studies>	1725478309132
96	<Yu_Haiyan>	<isLeaderOf>	<Lanzhou>	1725478309141
97	<Basheer_Segu_Dawood>	<isLeaderOf>	<Batticaloa_District>	1725478309173
98	<Michel_Ney>	<isLeaderOf>	<Army_of_the_Danube>	1725478309184
99	<Htin_Kyaw>	<isLeaderOf>	<Myanmar>	1725478309194
100	<C._Vidyasagar_Rao>	<isLeaderOf>	<Maharashtra>	1725478309203
