1	<Jesús_Rivera_Sánchez>	<isLeaderOf>	<Pueblo_of_Naranjito>	1725478305873
2	<Keith_Peterson>	<isLeaderOf>	<Cambridge_Bay>	1725478308070
3	<Ramasamy_Palanisamy>	<isLeaderOf>	<Democratic_Action_Party_(Malaysia)>	1725478308138
4	<James_Vincent_Cleary>	<isLeaderOf>	<Bennington,_New_Hampshire>	1725478308150
5	<Yiannis_Boutaris>	<isLeaderOf>	<Thessaloniki>	1725478308160
6	<Margrethe_II_of_Denmark>	<isLeaderOf>	<Greenland>	1725478308169
7	<Shamsuzzaman_Khan>	<isLeaderOf>	<Bangla_Academy>	1725478308178
8	<Linda_Miller_(politician)>	<isLeaderOf>	<Bettendorf,_Iowa>	1725478308187
9	<Morton_Blackwell>	<isLeaderOf>	<Leadership_Institute>	1725478308197
10	<Adriana_Fuentes_Cortés>	<isLeaderOf>	<Querétaro>	1725478308208
11	<Margaret_Bazley>	<isLeaderOf>	<Canterbury,_New_Zealand>	1725478308218
12	<Marc_Serré>	<isLeaderOf>	<Parry_Sound_District>	1725478308238
13	<James_Chiswell>	<isLeaderOf>	<United_Kingdom_Special_Forces>	1725478308250
14	<Nathan_Deal>	<isLeaderOf>	<Georgia_Air_National_Guard>	1725478308292
15	<Winston_Field>	<isLeaderOf>	<Rhodesian_Front>	1725478308304
16	<Kimberly_A._Lightford>	<isLeaderOf>	<Illinois_Legislative_Black_Caucus>	1725478308314
17	<Nawzad_Hadi_Mawlood>	<isLeaderOf>	<Erbil>	1725478308378
18	<Adriano_Bernardini>	<isLeaderOf>	<Catholic_Church_in_Italy>	1725478308388
19	<Bhaskar_Chakravorti>	<isLeaderOf>	<Institute_for_Business_in_the_Global_Context>	1725478308398
20	<Ricardo_Galvão>	<isLeaderOf>	<National_Institute_for_Space_Research>	1725478308408
21	<Click_Bishop>	<isLeaderOf>	<Gulkana,_Alaska>	1725478308418
22	<Glorioso_Miranda>	<isLeaderOf>	<Philippine_Army>	1725478308429
23	<Larcenia_Bullard>	<isLeaderOf>	<Miami_Design_District>	1725478308438
24	<Rodrigo_Pérez-Alonso_González>	<isLeaderOf>	<Nuevo_León>	1725478308448
25	<William_Legge,_10th_Earl_of_Dartmouth>	<isLeaderOf>	<UK_Independence_Party>	1725478308458
26	<Ben_Henderson_(politician)>	<isLeaderOf>	<McKernan,_Edmonton>	1725478308468
27	<Fernando_Romeo_Lucas_García>	<isLeaderOf>	<National_Liberation_Movement_(Guatemala)>	1725478308478
28	<Berta_Gardner>	<isLeaderOf>	<Anchorage,_Alaska>	1725478308487
29	<Mark_Meckler>	<isLeaderOf>	<Tea_Party_Patriots>	1725478308498
30	<Noel_Grealish>	<isLeaderOf>	<Progressive_Democrats>	1725478308508
31	<Reza_Moridi>	<isLeaderOf>	<Richmond_Hill,_Ontario>	1725478308518
32	<Siripala_Gamalath>	<isLeaderOf>	<Polonnaruwa_District>	1725478308530
33	<Kathryn_Barger>	<isLeaderOf>	<Los_Angeles_County,_California>	1725478308539
34	<Arthur_Potts_(politician)>	<isLeaderOf>	<Upper_Beaches>	1725478308550
35	<Brianne_Nadeau>	<isLeaderOf>	<Washington,_D.C.>	1725478308560
36	<Raúl_Castro>	<isLeaderOf>	<Cuba>	1725478308570
37	<Bert_Stedman>	<isLeaderOf>	<Hyder,_Alaska>	1725478308581
38	<Tracy_MacCharles>	<isLeaderOf>	<West_Rouge>	1725478308589
39	<Torbjørn_Røe_Isaksen>	<isLeaderOf>	<Sogn_Studentby>	1725478308598
40	<Ellen_Tauscher>	<isLeaderOf>	<Alliance_of_Democrats>	1725478308610
41	<Ruffy_Biazon>	<isLeaderOf>	<Muntinlupa>	1725478308620
42	<Lee_Richardson_(politician)>	<isLeaderOf>	<Division_No._6,_Alberta>	1725478308630
43	<Michael_Lulume_Bayigga>	<isLeaderOf>	<Buikwe>	1725478308640
44	<Jati_Sidhu>	<isLeaderOf>	<Abbotsford,_British_Columbia>	1725478308650
45	<Amit_Ghoda>	<isLeaderOf>	<Palghar>	1725478308659
46	<Mike_Navarre>	<isLeaderOf>	<Salamatof,_Alaska>	1725478308667
47	<Matthew_Parr_(Royal_Navy_officer)>	<isLeaderOf>	<6th_Frigate_Squadron_(United_Kingdom)>	1725478308676
48	<Karin_Wanngård>	<isLeaderOf>	<Stockholm_Municipality>	1725478308685
49	<Wayne_Elhard>	<isLeaderOf>	<Maple_Creek,_Saskatchewan>	1725478308695
50	<Phil_Goff>	<isLeaderOf>	<Manukau_City>	1725478308703
51	<William_Steinberg>	<isLeaderOf>	<Hampstead,_Quebec>	1725478308714
52	<Plínio_Salgado>	<isLeaderOf>	<Brazilian_Integralist_Action>	1725478308722
53	<Confúcio_Moura>	<isLeaderOf>	<Rondônia>	1725478308733
54	<Victor_Montagliani>	<isLeaderOf>	<CONCACAF>	1725478308743
55	<Eduardo_Año>	<isLeaderOf>	<Philippine_Navy>	1725478308753
56	<Shafiq_Qaadri>	<isLeaderOf>	<Clairville,_Toronto>	1725478308762
57	<John_Weyant>	<isLeaderOf>	<Energy_Modeling_Forum>	1725478308770
58	<Ramón_Luis_Rivera_Jr.>	<isLeaderOf>	<Santa_Olaya>	1725478308781
59	<Angela_Smith_(Sheffield_MP)>	<isLeaderOf>	<Metropolitan_Borough_of_Barnsley>	1725478308789
60	<Jim_Diodati>	<isLeaderOf>	<Niagara_Falls,_Ontario>	1725478308799
61	<Kellie_Leitch>	<isLeaderOf>	<Collingwood,_Ontario>	1725478308808
62	<Kathy_Corrigan>	<isLeaderOf>	<Greater_Vancouver>	1725478308816
63	<Lyudmila_Ivanova>	<isLeaderOf>	<Kanash>	1725478308826
64	<Deborah_Drever>	<isLeaderOf>	<Calgary>	1725478308834
65	<Saud_bin_Nayef_Al_Saud>	<isLeaderOf>	<Khobar>	1725478308844
66	<Greg_Rickford>	<isLeaderOf>	<Redditt>	1725478308853
67	<Amir_Khan_(MQM)>	<isLeaderOf>	<Muttahida_Quami_Movement_Pakistan>	1725478308862
68	<Denis_Herard>	<isLeaderOf>	<Division_No._6,_Alberta>	1725478308872
69	<Jim_Kern>	<isLeaderOf>	<Dedham,_Massachusetts>	1725478308881
70	<Dhiman_Roy>	<isLeaderOf>	<Ashoknagar,_North_24_Parganas>	1725478308889
71	<Agostino_Depretis>	<isLeaderOf>	<Historical_Left>	1725478308899
72	<Lucy_Worsley>	<isLeaderOf>	<Historic_Royal_Palaces>	1725478308909
73	<Andrew_O-Donnell>	<isLeaderOf>	<Glasgow_Filmmakers_Alliance>	1725478308919
74	<Wobine_Buijs-Glaudemans>	<isLeaderOf>	<Oss>	1725478308927
75	<Isa_Mustafa>	<isLeaderOf>	<Kosovo>	1725478308936
76	<Simon_Bolivar_Buckner_Jr.>	<isLeaderOf>	<Alaska_Defense_Command>	1725478308945
77	<Jyotsana_Srivastava>	<isLeaderOf>	<Bhelupur,_Varanasi>	1725478308955
78	<Anna_Kuliscioff>	<isLeaderOf>	<Italian_Socialist_Party>	1725478308964
79	<Sandro_Pertini>	<isLeaderOf>	<Action_Party_(Italy)>	1725478308972
80	<Vladimir_Serov>	<isLeaderOf>	<Sudak>	1725478308983
81	<Paul_Seaton>	<isLeaderOf>	<Happy_Valley,_Alaska>	1725478308992
82	<Cato_the_Younger>	<isLeaderOf>	<Optimates>	1725478309000
83	<Elizabeth_II>	<isLeaderOf>	<Pitcairn_Islands>	1725478309010
84	<Salma_Zahid>	<isLeaderOf>	<Wexford,_Toronto>	1725478309020
85	<Roberto_Salcedo_Sr.>	<isLeaderOf>	<Nuevo_Arroyo_Hondo>	1725478309029
86	<Director-general>	<isLeaderOf>	<Indian_Coast_Guard>	1725478309037
87	<Karen_Goh>	<isLeaderOf>	<Bakersfield,_California>	1725478309047
88	<Sharon_White_(civil_servant)>	<isLeaderOf>	<Ofcom>	1725478309056
89	<Itamar_Marcus>	<isLeaderOf>	<Palestinian_Media_Watch>	1725478309067
90	<Mohamed_Farrah_Aidid>	<isLeaderOf>	<Somali_National_Alliance>	1725478309077
91	<Ragnhild_Hennum>	<isLeaderOf>	<Norwegian_Women-s_Lobby>	1725478309087
92	<Manuel_Oribe>	<isLeaderOf>	<National_Party_(Uruguay)>	1725478309098
93	<Paula_Bennett>	<isLeaderOf>	<New_Zealand_National_Party>	1725478309107
94	<Steven_Marshall>	<isLeaderOf>	<Liberal_Party_of_Australia_(South_Australian_Division)>	1725478309118
95	<Vinod_Kumar_Boianapalli>	<isLeaderOf>	<Rajalingampet>	1725478309128
96	<Brad_Trost>	<isLeaderOf>	<Silverspring,_Saskatoon>	1725478309137
97	<Zoltán_Németh>	<isLeaderOf>	<Győr-Moson-Sopron_County>	1725478309168
98	<Brian_Campbell>	<isLeaderOf>	<Rancho_Palos_Verdes,_California>	1725478309179
99	<George_E._Campsen_III>	<isLeaderOf>	<Edisto_Beach,_South_Carolina>	1725478309188
100	<Deputy_mayor>	<isLeaderOf>	<San_Anselmo,_California>	1725478309198
